MPASM 5.68                          DEN1.ASM   10-22-2016  0:35:05         PAGE  1


LOC  OBJECT CODE     LINE SOURCE TEXT
  VALUE

                      00001  list p=16f84
                      00002  #include p16f84.inc
                      00001         LIST
                      00002 
                      00003 ;==========================================================================
                      00004 ; Build date : May 15 2016
                      00005 ;  MPASM PIC16F84 processor include
                      00006 ; 
                      00007 ;  (c) Copyright 1999-2016 Microchip Technology, All rights reserved
                      00008 ;==========================================================================
                      00009 
                      00207         LIST
  0000000B            00003 Dest equ 0x0B ;Define constant
0000                  00004  org 0x0000 ;Reset vector
0000   2820           00005  goto Start
0020                  00006  org 0x0020 ;Begin program
0020                  00007 Start
0020   300A           00008  movlw 0x0A
0021   008B           00009  movwf Dest
0022   118B           00010  bcf Dest, 3 ;This line uses 2 operands
0023   2820           00011  goto Start
                      00012  end
MPASM 5.68                          DEN1.ASM   10-22-2016  0:35:05         PAGE  2


SYMBOL TABLE
  LABEL                             VALUE 

C                                 00000000
DC                                00000001
Dest                              0000000B
EEADR                             00000009
EECON1                            00000088
EECON2                            00000089
EEDATA                            00000008
EEIE                              00000006
EEIF                              00000004
F                                 00000001
FSR                               00000004
GIE                               00000007
INDF                              00000000
INTCON                            0000000B
INTE                              00000004
INTEDG                            00000006
INTF                              00000001
IRP                               00000007
NOT_PD                            00000003
NOT_RBPU                          00000007
NOT_TO                            00000004
OPTION_REG                        00000081
PCL                               00000002
PCLATH                            0000000A
PORTA                             00000005
PORTB                             00000006
PS0                               00000000
PS1                               00000001
PS2                               00000002
PSA                               00000003
RA0                               00000000
RA1                               00000001
RA2                               00000002
RA3                               00000003
RA4                               00000004
RB0                               00000000
RB1                               00000001
RB2                               00000002
RB3                               00000003
RB4                               00000004
RB5                               00000005
RB6                               00000006
RB7                               00000007
RBIE                              00000003
RBIF                              00000000
RD                                00000000
RP0                               00000005
RP1                               00000006
STATUS                            00000003
Start                             00000020
T0CS                              00000005
T0IE                              00000005
T0IF                              00000002
MPASM 5.68                          DEN1.ASM   10-22-2016  0:35:05         PAGE  3


SYMBOL TABLE
  LABEL                             VALUE 

T0SE                              00000004
TMR0                              00000001
TMR0IE                            00000005
TMR0IF                            00000002
TRISA                             00000085
TRISA0                            00000000
TRISA1                            00000001
TRISA2                            00000002
TRISA3                            00000003
TRISA4                            00000004
TRISB                             00000086
TRISB0                            00000000
TRISB1                            00000001
TRISB2                            00000002
TRISB3                            00000003
TRISB4                            00000004
TRISB5                            00000005
TRISB6                            00000006
TRISB7                            00000007
W                                 00000000
WR                                00000001
WREN                              00000002
WRERR                             00000003
Z                                 00000002
_CONFIG                           00002007
_CP_OFF                           00003FFF
_CP_ON                            0000000F
_FOSC_EXTRC                       00003FFF
_FOSC_HS                          00003FFE
_FOSC_LP                          00003FFC
_FOSC_XT                          00003FFD
_HS_OSC                           00003FFE
_IDLOC0                           00002000
_IDLOC1                           00002001
_IDLOC2                           00002002
_IDLOC3                           00002003
_LP_OSC                           00003FFC
_PWRTE_OFF                        00003FFF
_PWRTE_ON                         00003FF7
_RC_OSC                           00003FFF
_WDTE_OFF                         00003FFB
_WDTE_ON                          00003FFF
_WDT_OFF                          00003FFB
_WDT_ON                           00003FFF
_XT_OSC                           00003FFD
__16F84                           00000001
MPASM 5.68                          DEN1.ASM   10-22-2016  0:35:05         PAGE  4


MEMORY USAGE MAP ('X' = Used,  '-' = Unused)


0000 : X--------------- ---------------- XXXX------------ ----------------

All other memory blocks unused.

Program Memory Words Used:     5
Program Memory Words Free:  1019


Errors   :     0
Warnings :     0 reported,     0 suppressed
Messages :     0 reported,     0 suppressed

